2004.07.12 11:35 B C:\Documents and Settings\Administrator\Desktop\TSL\img\gif\doit.gif <-- truesys /img/gif doit.gif
2004.07.12 11:35 B C:\Documents and Settings\Administrator\Desktop\TSL\img\gif\dot_hfnet.gif <-- truesys /img/gif dot_hfnet.gif
2004.07.12 11:35 B C:\Documents and Settings\Administrator\Desktop\TSL\img\gif\downloadFree.gif <-- truesys /img/gif downloadFree.gif
2004.07.12 11:35 B C:\Documents and Settings\Administrator\Desktop\TSL\img\gif\excel.gif <-- truesys /img/gif excel.gif
2004.07.12 11:35 B C:\Documents and Settings\Administrator\Desktop\TSL\img\gif\HFpro4.0Banner.gif <-- truesys /img/gif HFpro4.0Banner.gif
2004.07.12 11:35 B C:\Documents and Settings\Administrator\Desktop\TSL\img\gif\HFpro4.0box.gif <-- truesys /img/gif HFpro4.0box.gif
2004.07.12 11:35 B C:\Documents and Settings\Administrator\Desktop\TSL\img\gif\img_apagar_registro.gif <-- truesys /img/gif img_apagar_registro.gif
2004.07.12 11:35 B C:\Documents and Settings\Administrator\Desktop\TSL\img\gif\img_back_cinza_claro.gif <-- truesys /img/gif img_back_cinza_claro.gif
2004.07.12 11:35 B C:\Documents and Settings\Administrator\Desktop\TSL\img\gif\img_back_cinza_light.gif <-- truesys /img/gif img_back_cinza_light.gif
2004.07.12 11:35 B C:\Documents and Settings\Administrator\Desktop\TSL\img\gif\img_criar_registro.gif <-- truesys /img/gif img_criar_registro.gif
2004.07.12 11:35 B C:\Documents and Settings\Administrator\Desktop\TSL\img\gif\img_customerLink_small.gif <-- truesys /img/gif img_customerLink_small.gif
2004.07.12 11:35 B C:\Documents and Settings\Administrator\Desktop\TSL\img\gif\img_div_textos.gif <-- truesys /img/gif img_div_textos.gif
2004.07.12 11:35 B C:\Documents and Settings\Administrator\Desktop\TSL\img\gif\img_div_textos1024.gif <-- truesys /img/gif img_div_textos1024.gif
2004.07.12 11:35 B C:\Documents and Settings\Administrator\Desktop\TSL\img\gif\img_drpCustomer.gif <-- truesys /img/gif img_drpCustomer.gif
2004.07.12 11:35 B C:\Documents and Settings\Administrator\Desktop\TSL\img\gif\img_english_version.gif <-- truesys /img/gif img_english_version.gif
2004.07.12 11:35 B C:\Documents and Settings\Administrator\Desktop\TSL\img\gif\img_fim_barra_links.gif <-- truesys /img/gif img_fim_barra_links.gif
2004.07.12 11:35 B C:\Documents and Settings\Administrator\Desktop\TSL\img\gif\img_flag_brazil.gif <-- truesys /img/gif img_flag_brazil.gif
2004.07.12 11:35 B C:\Documents and Settings\Administrator\Desktop\TSL\img\gif\img_flag_eua.gif <-- truesys /img/gif img_flag_eua.gif
2004.07.12 11:35 B C:\Documents and Settings\Administrator\Desktop\TSL\img\gif\img_inicio_barra_links.gif <-- truesys /img/gif img_inicio_barra_links.gif
2004.07.12 11:35 B C:\Documents and Settings\Administrator\Desktop\TSL\img\gif\img_invisivel_15.gif <-- truesys /img/gif img_invisivel_15.gif
2004.07.12 11:35 B C:\Documents and Settings\Administrator\Desktop\TSL\img\gif\img_invisivel_2.gif <-- truesys /img/gif img_invisivel_2.gif
2004.07.12 11:35 B C:\Documents and Settings\Administrator\Desktop\TSL\img\gif\img_invisivel_8.gif <-- truesys /img/gif img_invisivel_8.gif
2004.07.12 11:35 B C:\Documents and Settings\Administrator\Desktop\TSL\img\gif\img_mini_acrobat.gif <-- truesys /img/gif img_mini_acrobat.gif
2004.07.12 11:35 B C:\Documents and Settings\Administrator\Desktop\TSL\img\gif\img_mini_disk.gif <-- truesys /img/gif img_mini_disk.gif
2004.07.12 11:35 B C:\Documents and Settings\Administrator\Desktop\TSL\img\gif\img_portuguease_version.gif <-- truesys /img/gif img_portuguease_version.gif
2004.07.12 11:35 B C:\Documents and Settings\Administrator\Desktop\TSL\img\gif\img_selo_odyssey.gif <-- truesys /img/gif img_selo_odyssey.gif
2004.07.12 11:35 B C:\Documents and Settings\Administrator\Desktop\TSL\img\gif\img_selo_partner.gif <-- truesys /img/gif img_selo_partner.gif
2004.07.12 11:35 B C:\Documents and Settings\Administrator\Desktop\TSL\img\gif\img_selo_pocket.gif <-- truesys /img/gif img_selo_pocket.gif
2004.07.12 11:35 B C:\Documents and Settings\Administrator\Desktop\TSL\img\gif\img_tsbulaxml_small.gif <-- truesys /img/gif img_tsbulaxml_small.gif
2004.07.12 11:35 B C:\Documents and Settings\Administrator\Desktop\TSL\img\gif\ing_back_azul_links.gif <-- truesys /img/gif ing_back_azul_links.gif
2004.07.12 11:35 B C:\Documents and Settings\Administrator\Desktop\TSL\img\gif\logoPdf.gif <-- truesys /img/gif logoPdf.gif
2004.07.12 11:35 B C:\Documents and Settings\Administrator\Desktop\TSL\img\gif\minus.gif <-- truesys /img/gif minus.gif
2004.07.12 11:35 B C:\Documents and Settings\Administrator\Desktop\TSL\img\gif\Noticia.gif <-- truesys /img/gif Noticia.gif
2004.07.12 11:35 B C:\Documents and Settings\Administrator\Desktop\TSL\img\gif\Noticia2.gif <-- truesys /img/gif Noticia2.gif
2004.07.12 11:35 B C:\Documents and Settings\Administrator\Desktop\TSL\img\gif\patchdetails2.gif <-- truesys /img/gif patchdetails2.gif
2004.07.12 11:35 B C:\Documents and Settings\Administrator\Desktop\TSL\img\gif\plus.gif <-- truesys /img/gif plus.gif
2004.07.12 11:35 B C:\Documents and Settings\Administrator\Desktop\TSL\img\gif\scanresults.gif <-- truesys /img/gif scanresults.gif
2004.07.12 11:35 B C:\Documents and Settings\Administrator\Desktop\TSL\img\gif\SHV-twostepanime.gif <-- truesys /img/gif SHV-twostepanime.gif
2004.07.12 11:35 B C:\Documents and Settings\Administrator\Desktop\TSL\img\gif\Spacer-White-10px.gif <-- truesys /img/gif Spacer-White-10px.gif
2004.07.12 11:35 B C:\Documents and Settings\Administrator\Desktop\TSL\img\gif\str_r1_c1.gif <-- truesys /img/gif str_r1_c1.gif
2004.07.12 11:35 B C:\Documents and Settings\Administrator\Desktop\TSL\img\gif\str_r1_c3.gif <-- truesys /img/gif str_r1_c3.gif
2004.07.12 11:35 B C:\Documents and Settings\Administrator\Desktop\TSL\img\gif\str_r3_c1.gif <-- truesys /img/gif str_r3_c1.gif
2004.07.12 11:35 B C:\Documents and Settings\Administrator\Desktop\TSL\img\gif\titlepage.gif <-- truesys /img/gif titlepage.gif
2004.07.12 11:35 B C:\Documents and Settings\Administrator\Desktop\TSL\img\gif\TpThreat.gif <-- truesys /img/gif TpThreat.gif
2004.07.12 11:35 B C:\Documents and Settings\Administrator\Desktop\TSL\img\gif\tsBulaXML01.gif <-- truesys /img/gif tsBulaXML01.gif
2004.07.12 11:35 B C:\Documents and Settings\Administrator\Desktop\TSL\img\gif\tsBulaXML01peq.gif <-- truesys /img/gif tsBulaXML01peq.gif
2004.07.12 11:35 B C:\Documents and Settings\Administrator\Desktop\TSL\img\gif\tsBulaXML02.gif <-- truesys /img/gif tsBulaXML02.gif
2004.07.12 11:35 B C:\Documents and Settings\Administrator\Desktop\TSL\img\gif\tsBulaXML02peq.gif <-- truesys /img/gif tsBulaXML02peq.gif
2004.07.12 11:35 B C:\Documents and Settings\Administrator\Desktop\TSL\img\gif\tsBulaXML03.gif <-- truesys /img/gif tsBulaXML03.gif
2004.07.12 11:35 B C:\Documents and Settings\Administrator\Desktop\TSL\img\gif\tsBulaXML03peq.gif <-- truesys /img/gif tsBulaXML03peq.gif
2004.07.12 11:35 B C:\Documents and Settings\Administrator\Desktop\TSL\img\gif\tsBulaXML04.gif <-- truesys /img/gif tsBulaXML04.gif
2004.07.12 11:35 B C:\Documents and Settings\Administrator\Desktop\TSL\img\gif\tsBulaXML04peq.gif <-- truesys /img/gif tsBulaXML04peq.gif
2004.07.12 11:35 B C:\Documents and Settings\Administrator\Desktop\TSL\img\gif\tsBulaXML05.gif <-- truesys /img/gif tsBulaXML05.gif
2004.07.12 11:35 B C:\Documents and Settings\Administrator\Desktop\TSL\img\gif\tsBulaXML05peq.gif <-- truesys /img/gif tsBulaXML05peq.gif
